Array
(
    [POST] => Array
        (
            [event-title] => ssadssas
            [event-date] => 2025-05-30
            [event-time] => 18-19
            [event-short-desc] => sss
            [event-long-desc] => ssss
            [event-prefix] => dddd
            [event-speaker] => ddddd
            [event-association] => ddddd
            [event-seats] => 10
            [event-booking] => on
            [event-voluntary] => on
            [event-price] => 0
            [action] => add_event
        )

    [FILES] => Array
        (
            [event-image] => Array
                (
                    [name] => WhatsApp Image 2025-05-01 at 11.45.45_64ce7ef3.jpg
                    [type] => image/jpeg
                    [tmp_name] => /membri/.dummy/temp/phpUavi6y
                    [error] => 0
                    [size] => 65600
                )

        )

    [SERVER] => Array
        (
            [LD_LIBRARY_PATH] => /usr/local/apache24/lib
            [PWD] => /var/www/html/cgi-bin
            [PHP_FCGI_MAX_REQUESTS] => 1000
            [SHLVL] => 0
            [PATH] => /sbin:/bin:/usr/sbin:/usr/bin
            [ORIG_SCRIPT_NAME] => /cgi-bin/php73.fcgi
            [ORIG_PATH_TRANSLATED] => /membri/eremofratefrancesco/gestione_eventi.php
            [ORIG_PATH_INFO] => /gestione_eventi.php
            [ORIG_SCRIPT_FILENAME] => /var/www/html/cgi-bin/php73.fcgi
            [SCRIPT_NAME] => /gestione_eventi.php
            [REQUEST_URI] => /gestione_eventi.php
            [QUERY_STRING] => 
            [REQUEST_METHOD] => POST
            [SERVER_PROTOCOL] => HTTP/1.1
            [GATEWAY_INTERFACE] => CGI/1.1
            [REDIRECT_URL] => /gestione_eventi.php
            [REMOTE_PORT] => 64669
            [SCRIPT_FILENAME] => /membri/eremofratefrancesco/gestione_eventi.php
            [SERVER_ADMIN] => info@altervista.org
            [CONTEXT_DOCUMENT_ROOT] => /var/www/html/cgi-bin/
            [CONTEXT_PREFIX] => /cgi-bin/
            [REQUEST_SCHEME] => http
            [DOCUMENT_ROOT] => /var/www/html
            [REMOTE_ADDR] => 81.56.172.54
            [SERVER_PORT] => 80
            [SERVER_ADDR] => 162.55.127.96
            [SERVER_NAME] => eremofratefrancesco.altervista.org
            [SERVER_SOFTWARE] => Apache
            [SERVER_SIGNATURE] => 
            [HTTP_COOKIE] => PHPSESSID=1c50fdbc704826ad4f1bf6028cdef982
            [HTTP_ACCEPT_LANGUAGE] => it,it-IT;q=0.9,en;q=0.8,en-GB;q=0.7,en-US;q=0.6
            [HTTP_ACCEPT_ENCODING] => gzip, deflate
            [HTTP_REFERER] => http://eremofratefrancesco.altervista.org/eventiincorsoAdmin.html
            [HTTP_ORIGIN] => http://eremofratefrancesco.altervista.org
            [HTTP_ACCEPT] => */*
            [CONTENT_TYPE] => multipart/form-data; boundary=----WebKitFormBoundaryU1rzGPpHFI4oWBIE
            [HTTP_USER_AGENT] => Mozilla/5.0 (Windows NT 10.0; Win64; x64) AppleWebKit/537.36 (KHTML, like Gecko) Chrome/136.0.0.0 Safari/537.36 Edg/136.0.0.0
            [CONTENT_LENGTH] => 67280
            [HTTP_CONNECTION] => close
            [HTTP_HOST] => eremofratefrancesco.altervista.org
            [AV_WP_SKIP_XMLRPC] => on
            [HOSTNAME] => ns652.altervista.org
            [AV_SERVER_LANG] => it
            [SCRIPT_URI] => http://eremofratefrancesco.altervista.org/gestione_eventi.php
            [SCRIPT_URL] => /gestione_eventi.php
            [REDIRECT_STATUS] => 200
            [REDIRECT_HANDLER] => av-php73
            [REDIRECT_AV_WP_SKIP_XMLRPC] => on
            [REDIRECT_HOSTNAME] => ns652.altervista.org
            [REDIRECT_AV_SERVER_LANG] => it
            [REDIRECT_SCRIPT_URI] => http://eremofratefrancesco.altervista.org/gestione_eventi.php
            [REDIRECT_SCRIPT_URL] => /gestione_eventi.php
            [FCGI_ROLE] => RESPONDER
            [PHP_SELF] => /gestione_eventi.php
            [REQUEST_TIME_FLOAT] => 1746308308.1676
            [REQUEST_TIME] => 1746308308
        )

)
Array
(
    [POST] => Array
        (
        )

    [FILES] => Array
        (
        )

    [SERVER] => Array
        (
            [LD_LIBRARY_PATH] => /usr/local/apache24/lib
            [PWD] => /var/www/html/cgi-bin
            [PHP_FCGI_MAX_REQUESTS] => 1000
            [SHLVL] => 0
            [PATH] => /sbin:/bin:/usr/sbin:/usr/bin
            [ORIG_SCRIPT_NAME] => /cgi-bin/php73.fcgi
            [ORIG_PATH_TRANSLATED] => /membri/eremofratefrancesco/gestione_eventi.php
            [ORIG_PATH_INFO] => /gestione_eventi.php
            [ORIG_SCRIPT_FILENAME] => /var/www/html/cgi-bin/php73.fcgi
            [SCRIPT_NAME] => /gestione_eventi.php
            [REQUEST_URI] => /gestione_eventi.php
            [QUERY_STRING] => 
            [REQUEST_METHOD] => GET
            [SERVER_PROTOCOL] => HTTP/1.1
            [GATEWAY_INTERFACE] => CGI/1.1
            [REDIRECT_URL] => /gestione_eventi.php
            [REMOTE_PORT] => 57986
            [SCRIPT_FILENAME] => /membri/eremofratefrancesco/gestione_eventi.php
            [SERVER_ADMIN] => info@altervista.org
            [CONTEXT_DOCUMENT_ROOT] => /var/www/html/cgi-bin/
            [CONTEXT_PREFIX] => /cgi-bin/
            [REQUEST_SCHEME] => http
            [DOCUMENT_ROOT] => /var/www/html
            [REMOTE_ADDR] => 81.56.172.54
            [SERVER_PORT] => 80
            [SERVER_ADDR] => 162.55.127.96
            [SERVER_NAME] => eremofratefrancesco.altervista.org
            [SERVER_SOFTWARE] => Apache
            [SERVER_SIGNATURE] => 
            [HTTP_COOKIE] => PHPSESSID=1c50fdbc704826ad4f1bf6028cdef982
            [HTTP_ACCEPT_LANGUAGE] => it,it-IT;q=0.9,en;q=0.8,en-GB;q=0.7,en-US;q=0.6
            [HTTP_ACCEPT_ENCODING] => gzip, deflate
            [HTTP_ACCEPT] => text/html,application/xhtml+xml,application/xml;q=0.9,image/avif,image/webp,image/apng,*/*;q=0.8,application/signed-exchange;v=b3;q=0.7
            [HTTP_USER_AGENT] => Mozilla/5.0 (Windows NT 10.0; Win64; x64) AppleWebKit/537.36 (KHTML, like Gecko) Chrome/136.0.0.0 Safari/537.36 Edg/136.0.0.0
            [HTTP_UPGRADE_INSECURE_REQUESTS] => 1
            [HTTP_CONNECTION] => close
            [HTTP_HOST] => eremofratefrancesco.altervista.org
            [AV_WP_SKIP_XMLRPC] => on
            [HOSTNAME] => ns652.altervista.org
            [AV_SERVER_LANG] => it
            [SCRIPT_URI] => http://eremofratefrancesco.altervista.org/gestione_eventi.php
            [SCRIPT_URL] => /gestione_eventi.php
            [REDIRECT_STATUS] => 200
            [REDIRECT_HANDLER] => av-php73
            [REDIRECT_AV_WP_SKIP_XMLRPC] => on
            [REDIRECT_HOSTNAME] => ns652.altervista.org
            [REDIRECT_AV_SERVER_LANG] => it
            [REDIRECT_SCRIPT_URI] => http://eremofratefrancesco.altervista.org/gestione_eventi.php
            [REDIRECT_SCRIPT_URL] => /gestione_eventi.php
            [FCGI_ROLE] => RESPONDER
            [PHP_SELF] => /gestione_eventi.php
            [REQUEST_TIME_FLOAT] => 1746308326.4127
            [REQUEST_TIME] => 1746308326
        )

)
=== Nuova Sessione ===
Array
(
    [POST] => Array
        (
            [event-title] => ssadssas
            [event-date] => 2025-05-30
            [event-time] => 18-19
            [event-short-desc] => sss
            [event-long-desc] => sssss
            [event-prefix] => dddd
            [event-speaker] => ddddd
            [event-association] => ddddd
            [event-seats] => 10
            [event-booking] => on
            [event-voluntary] => on
            [event-price] => 0
            [action] => add_event
        )

    [FILES] => Array
        (
            [event-image] => Array
                (
                    [name] => WhatsApp Image 2025-05-01 at 11.45.45_64ce7ef3.jpg
                    [type] => image/jpeg
                    [tmp_name] => /membri/.dummy/temp/php4hqRd5
                    [error] => 0
                    [size] => 65600
                )

        )

    [SERVER] => Array
        (
            [LD_LIBRARY_PATH] => /usr/local/apache24/lib
            [PWD] => /var/www/html/cgi-bin
            [PHP_FCGI_MAX_REQUESTS] => 1000
            [SHLVL] => 0
            [PATH] => /sbin:/bin:/usr/sbin:/usr/bin
            [ORIG_SCRIPT_NAME] => /cgi-bin/php73.fcgi
            [ORIG_PATH_TRANSLATED] => /membri/eremofratefrancesco/gestione_eventi.php
            [ORIG_PATH_INFO] => /gestione_eventi.php
            [ORIG_SCRIPT_FILENAME] => /var/www/html/cgi-bin/php73.fcgi
            [SCRIPT_NAME] => /gestione_eventi.php
            [REQUEST_URI] => /gestione_eventi.php
            [QUERY_STRING] => 
            [REQUEST_METHOD] => POST
            [SERVER_PROTOCOL] => HTTP/1.1
            [GATEWAY_INTERFACE] => CGI/1.1
            [REDIRECT_URL] => /gestione_eventi.php
            [REMOTE_PORT] => 63786
            [SCRIPT_FILENAME] => /membri/eremofratefrancesco/gestione_eventi.php
            [SERVER_ADMIN] => info@altervista.org
            [CONTEXT_DOCUMENT_ROOT] => /var/www/html/cgi-bin/
            [CONTEXT_PREFIX] => /cgi-bin/
            [REQUEST_SCHEME] => http
            [DOCUMENT_ROOT] => /var/www/html
            [REMOTE_ADDR] => 81.56.172.54
            [SERVER_PORT] => 80
            [SERVER_ADDR] => 162.55.127.96
            [SERVER_NAME] => eremofratefrancesco.altervista.org
            [SERVER_SOFTWARE] => Apache
            [SERVER_SIGNATURE] => 
            [HTTP_COOKIE] => PHPSESSID=1c50fdbc704826ad4f1bf6028cdef982
            [HTTP_ACCEPT_LANGUAGE] => it,it-IT;q=0.9,en;q=0.8,en-GB;q=0.7,en-US;q=0.6
            [HTTP_ACCEPT_ENCODING] => gzip, deflate
            [HTTP_REFERER] => http://eremofratefrancesco.altervista.org/eventiincorsoAdmin.html
            [HTTP_ORIGIN] => http://eremofratefrancesco.altervista.org
            [HTTP_ACCEPT] => */*
            [CONTENT_TYPE] => multipart/form-data; boundary=----WebKitFormBoundaryhYDHuj0GB4wM1J5k
            [HTTP_USER_AGENT] => Mozilla/5.0 (Windows NT 10.0; Win64; x64) AppleWebKit/537.36 (KHTML, like Gecko) Chrome/136.0.0.0 Safari/537.36 Edg/136.0.0.0
            [CONTENT_LENGTH] => 67281
            [HTTP_CONNECTION] => close
            [HTTP_HOST] => eremofratefrancesco.altervista.org
            [AV_WP_SKIP_XMLRPC] => on
            [HOSTNAME] => ns652.altervista.org
            [AV_SERVER_LANG] => it
            [SCRIPT_URI] => http://eremofratefrancesco.altervista.org/gestione_eventi.php
            [SCRIPT_URL] => /gestione_eventi.php
            [REDIRECT_STATUS] => 200
            [REDIRECT_HANDLER] => av-php73
            [REDIRECT_AV_WP_SKIP_XMLRPC] => on
            [REDIRECT_HOSTNAME] => ns652.altervista.org
            [REDIRECT_AV_SERVER_LANG] => it
            [REDIRECT_SCRIPT_URI] => http://eremofratefrancesco.altervista.org/gestione_eventi.php
            [REDIRECT_SCRIPT_URL] => /gestione_eventi.php
            [FCGI_ROLE] => RESPONDER
            [PHP_SELF] => /gestione_eventi.php
            [REQUEST_TIME_FLOAT] => 1746308515.5249
            [REQUEST_TIME] => 1746308515
        )

)
